{"message":"::1 - - [06/Jul/2018:23:28:40 +0000] \"GET /call HTTP/1.1\" 200 27 \"-\" \"Mozilla/5.0 (X11; Linux x86_64) AppleWebKit/537.36 (KHTML, like Gecko) Chrome/67.0.3396.99 Safari/537.36\"\n","level":"info"}
{"message":"::1 - - [06/Jul/2018:23:33:20 +0000] \"GET /call HTTP/1.1\" 200 27 \"-\" \"Mozilla/5.0 (X11; Linux x86_64) AppleWebKit/537.36 (KHTML, like Gecko) Chrome/67.0.3396.99 Safari/537.36\"\n","level":"info"}
{"message":"Starting server at port :8000","level":"info"}
{"message":"Server running at port :8000","level":"info"}
{"message":"::1 - - [06/Jul/2018:23:38:03 +0000] \"GET /call HTTP/1.1\" 200 27 \"-\" \"Mozilla/5.0 (X11; Linux x86_64) AppleWebKit/537.36 (KHTML, like Gecko) Chrome/67.0.3396.99 Safari/537.36\"\n","level":"info"}
{"message":"Starting server at port :8000","level":"info"}
{"message":"Server running at port :8000","level":"info"}
{"message":"Starting server at port :8000","level":"info"}
{"message":"Server running at port :8000","level":"info"}
{"message":"::1 - - [06/Jul/2018:23:41:51 +0000] \"GET /create HTTP/1.1\" 200 29 \"-\" \"Mozilla/5.0 (X11; Linux x86_64) AppleWebKit/537.36 (KHTML, like Gecko) Chrome/67.0.3396.99 Safari/537.36\"\n","level":"info"}
{"message":"::1 - - [06/Jul/2018:23:41:58 +0000] \"POST /create HTTP/1.1\" 200 30 \"-\" \"Mozilla/5.0 (X11; Linux x86_64) AppleWebKit/537.36 (KHTML, like Gecko) Chrome/67.0.3396.99 Safari/537.36\"\n","level":"info"}
{"message":"::1 - - [06/Jul/2018:23:43:35 +0000] \"POST /create HTTP/1.1\" 200 30 \"-\" \"Mozilla/5.0 (X11; Linux x86_64) AppleWebKit/537.36 (KHTML, like Gecko) Chrome/67.0.3396.99 Safari/537.36\"\n","level":"info"}
{"message":"::1 - - [06/Jul/2018:23:43:41 +0000] \"POST /create HTTP/1.1\" 200 30 \"-\" \"Mozilla/5.0 (X11; Linux x86_64) AppleWebKit/537.36 (KHTML, like Gecko) Chrome/67.0.3396.99 Safari/537.36\"\n","level":"info"}
{"message":"::1 - - [06/Jul/2018:23:45:36 +0000] \"GET /create HTTP/1.1\" 200 29 \"-\" \"Mozilla/5.0 (X11; Linux x86_64) AppleWebKit/537.36 (KHTML, like Gecko) Chrome/67.0.3396.99 Safari/537.36\"\n","level":"info"}
{"message":"::1 - - [06/Jul/2018:23:45:39 +0000] \"GET /create HTTP/1.1\" 200 29 \"-\" \"Mozilla/5.0 (X11; Linux x86_64) AppleWebKit/537.36 (KHTML, like Gecko) Chrome/67.0.3396.99 Safari/537.36\"\n","level":"info"}
{"message":"::1 - - [06/Jul/2018:23:45:40 +0000] \"GET /create HTTP/1.1\" 200 29 \"-\" \"Mozilla/5.0 (X11; Linux x86_64) AppleWebKit/537.36 (KHTML, like Gecko) Chrome/67.0.3396.99 Safari/537.36\"\n","level":"info"}
{"message":"::1 - - [06/Jul/2018:23:45:41 +0000] \"GET /create HTTP/1.1\" 200 29 \"-\" \"Mozilla/5.0 (X11; Linux x86_64) AppleWebKit/537.36 (KHTML, like Gecko) Chrome/67.0.3396.99 Safari/537.36\"\n","level":"info"}
{"message":"Starting server at port :8000","level":"info"}
{"message":"Server running at port :8000","level":"info"}
{"message":"::1 - - [06/Jul/2018:23:45:51 +0000] \"GET /create HTTP/1.1\" 200 41 \"-\" \"Mozilla/5.0 (X11; Linux x86_64) AppleWebKit/537.36 (KHTML, like Gecko) Chrome/67.0.3396.99 Safari/537.36\"\n","level":"info"}
{"message":"::1 - - [06/Jul/2018:23:46:04 +0000] \"GET /create HTTP/1.1\" 200 41 \"-\" \"Mozilla/5.0 (X11; Linux x86_64) AppleWebKit/537.36 (KHTML, like Gecko) Chrome/67.0.3396.99 Safari/537.36\"\n","level":"info"}
{"message":"::1 - - [06/Jul/2018:23:46:07 +0000] \"GET /create HTTP/1.1\" 200 41 \"-\" \"Mozilla/5.0 (X11; Linux x86_64) AppleWebKit/537.36 (KHTML, like Gecko) Chrome/67.0.3396.99 Safari/537.36\"\n","level":"info"}
