0 info it worked if it ends with ok
1 verbose cli [ '/usr/bin/nodejs', '/usr/bin/npm', 'i', 'magic-globals' ]
2 info using npm@1.3.10
3 info using node@v0.10.25
4 warn package.json saturn@1.0.0 No repository field.
5 warn package.json saturn@1.0.0 No README data
6 warn package.json copy-descriptor@0.1.1 No README data
7 warn package.json get-value@2.0.6 No README data
8 warn package.json object-copy@0.1.0 No README data
9 warn package.json path-is-inside@1.0.2 No README data
10 warn package.json pstree.remy@1.1.0 No repository field.
11 warn package.json pstree.remy@1.1.0 No README data
12 warn package.json static-extend@0.1.2 No README data
13 warn package.json colorspace@1.0.1 No repository field.
14 verbose readDependencies using package.json deps
15 verbose cache add [ 'magic-globals@^0.9.1', null ]
16 verbose cache add name=undefined spec="magic-globals@^0.9.1" args=["magic-globals@^0.9.1",null]
17 verbose parsed url { protocol: null,
17 verbose parsed url   slashes: null,
17 verbose parsed url   auth: null,
17 verbose parsed url   host: null,
17 verbose parsed url   port: null,
17 verbose parsed url   hostname: null,
17 verbose parsed url   hash: null,
17 verbose parsed url   search: null,
17 verbose parsed url   query: null,
17 verbose parsed url   pathname: 'magic-globals@^0.9.1',
17 verbose parsed url   path: 'magic-globals@^0.9.1',
17 verbose parsed url   href: 'magic-globals@^0.9.1' }
18 verbose cache add name="magic-globals" spec="^0.9.1" args=["magic-globals","^0.9.1"]
19 verbose parsed url { protocol: null,
19 verbose parsed url   slashes: null,
19 verbose parsed url   auth: null,
19 verbose parsed url   host: null,
19 verbose parsed url   port: null,
19 verbose parsed url   hostname: null,
19 verbose parsed url   hash: null,
19 verbose parsed url   search: null,
19 verbose parsed url   query: null,
19 verbose parsed url   pathname: '^0.9.1',
19 verbose parsed url   path: '^0.9.1',
19 verbose parsed url   href: '^0.9.1' }
20 verbose addNamed [ 'magic-globals', '^0.9.1' ]
21 verbose addNamed [ null, '>=0.9.1-0 <0.10.0-0' ]
22 silly lockFile 45d2645e-magic-globals-0-9-1 magic-globals@^0.9.1
23 verbose lock magic-globals@^0.9.1 /home/alexa-vm/.npm/45d2645e-magic-globals-0-9-1.lock
24 silly addNameRange { name: 'magic-globals',
24 silly addNameRange   range: '>=0.9.1-0 <0.10.0-0',
24 silly addNameRange   hasData: false }
25 verbose url raw magic-globals
26 verbose url resolving [ 'https://registry.npmjs.org/', './magic-globals' ]
27 verbose url resolved https://registry.npmjs.org/magic-globals
28 info trying registry request attempt 1 at 01:26:20
29 http GET https://registry.npmjs.org/magic-globals
30 info retry will retry, error on last attempt: Error: CERT_UNTRUSTED
31 info trying registry request attempt 2 at 01:26:30
32 http GET https://registry.npmjs.org/magic-globals
33 info retry will retry, error on last attempt: Error: CERT_UNTRUSTED
34 info trying registry request attempt 3 at 01:27:30
35 http GET https://registry.npmjs.org/magic-globals
36 silly lockFile 45d2645e-magic-globals-0-9-1 magic-globals@^0.9.1
37 silly lockFile 45d2645e-magic-globals-0-9-1 magic-globals@^0.9.1
38 error Error: CERT_UNTRUSTED
38 error     at SecurePair.<anonymous> (tls.js:1370:32)
38 error     at SecurePair.EventEmitter.emit (events.js:92:17)
38 error     at SecurePair.maybeInitFinished (tls.js:982:10)
38 error     at CleartextStream.read [as _read] (tls.js:469:13)
38 error     at CleartextStream.Readable.read (_stream_readable.js:320:10)
38 error     at EncryptedStream.write [as _write] (tls.js:366:25)
38 error     at doWrite (_stream_writable.js:223:10)
38 error     at writeOrBuffer (_stream_writable.js:213:5)
38 error     at EncryptedStream.Writable.write (_stream_writable.js:180:11)
38 error     at write (_stream_readable.js:583:24)
39 error If you need help, you may report this log at:
39 error     <http://github.com/isaacs/npm/issues>
39 error or email it to:
39 error     <npm-@googlegroups.com>
40 error System Linux 4.4.0-140-generic
41 error command "/usr/bin/nodejs" "/usr/bin/npm" "i" "magic-globals"
42 error cwd /home/alexa-vm/Desktop/goliath/necti_client_service/Saturn/src
43 error node -v v0.10.25
44 error npm -v 1.3.10
45 verbose exit [ 1, true ]
